Connecting to database specified by database.yml


Started GET "/assets/rails.png" for 127.0.0.1 at 2013-09-09 12:16:26 +0300
Served asset /rails.png - 200 OK (56ms)


Started GET "/rails/info/properties" for 127.0.0.1 at 2013-09-09 12:17:48 +0300
Processing by Rails::InfoController#properties as */*
  Rendered inline template (5.0ms)
Completed 200 OK in 25ms (Views: 25.0ms | ActiveRecord: 0.0ms)
Connecting to database specified by database.yml
Connecting to database specified by database.yml
Connecting to database specified by database.yml
  [1m[36m (1.0ms)[0m  [1mselect sqlite_version(*)[0m
  [1m[35m (96.0ms)[0m  CREATE TABLE "schema_migrations" ("version" varchar(255) NOT NULL) 
  [1m[36m (60.0ms)[0m  [1mCREATE UNIQUE INDEX "unique_schema_migrations" ON "schema_migrations" ("version")[0m
  [1m[35m (0.0ms)[0m  SELECT "schema_migrations"."version" FROM "schema_migrations" 
Migrating to CreateStatuses (20130909092323)
  [1m[36m (0.0ms)[0m  [1mbegin transaction[0m
  [1m[35m (1.0ms)[0m  CREATE TABLE "statuses" ("id" INTEGER PRIMARY KEY AUTOINCREMENT NOT NULL, "name" varchar(255), "content" text, "created_at" datetime NOT NULL, "updated_at" datetime NOT NULL) 
  [1m[36m (0.0ms)[0m  [1mINSERT INTO "schema_migrations" ("version") VALUES ('20130909092323')[0m
  [1m[35m (61.0ms)[0m  commit transaction
  [1m[36m (0.0ms)[0m  [1mSELECT "schema_migrations"."version" FROM "schema_migrations" [0m
Connecting to database specified by database.yml


Started GET "/statuses" for 127.0.0.1 at 2013-09-09 12:28:34 +0300
Processing by StatusesController#index as HTML
  [1m[36mStatus Load (0.0ms)[0m  [1mSELECT "statuses".* FROM "statuses" [0m
  Rendered statuses/index.html.erb within layouts/application (5.0ms)
Compiled scaffolds.css  (29ms)  (pid 3060)
Compiled statuses.css  (2ms)  (pid 3060)
Compiled application.css  (59ms)  (pid 3060)
Compiled jquery.js  (3ms)  (pid 3060)
Compiled jquery_ujs.js  (1ms)  (pid 3060)
Compiled statuses.js  (956ms)  (pid 3060)
Compiled application.js  (1114ms)  (pid 3060)
Completed 200 OK in 1393ms (Views: 1336.1ms | ActiveRecord: 3.0ms)


Started GET "/assets/statuses.js?body=1" for 127.0.0.1 at 2013-09-09 12:28:36 +0300
Served asset /statuses.js - 200 OK (10ms)


Started GET "/assets/jquery_ujs.js?body=1" for 127.0.0.1 at 2013-09-09 12:28:36 +0300
Served asset /jquery_ujs.js - 200 OK (4ms)


Started GET "/assets/application.css?body=1" for 127.0.0.1 at 2013-09-09 12:28:36 +0300
Served asset /application.css - 200 OK (7ms)


Started GET "/assets/scaffolds.css?body=1" for 127.0.0.1 at 2013-09-09 12:28:36 +0300
Served asset /scaffolds.css - 200 OK (1ms)


Started GET "/assets/statuses.css?body=1" for 127.0.0.1 at 2013-09-09 12:28:36 +0300
Served asset /statuses.css - 200 OK (2ms)


Started GET "/assets/jquery.js?body=1" for 127.0.0.1 at 2013-09-09 12:28:36 +0300
Served asset /jquery.js - 200 OK (49ms)


Started GET "/assets/application.js?body=1" for 127.0.0.1 at 2013-09-09 12:28:36 +0300
Served asset /application.js - 200 OK (28ms)


Started GET "/statuses/new" for 127.0.0.1 at 2013-09-09 12:28:38 +0300
Processing by StatusesController#new as HTML
  Rendered statuses/_form.html.erb (10.0ms)
  Rendered statuses/new.html.erb within layouts/application (17.0ms)
Completed 200 OK in 31ms (Views: 25.0ms | ActiveRecord: 0.0ms)


Started POST "/statuses" for 127.0.0.1 at 2013-09-09 12:28:53 +0300
Processing by StatusesController#create as HTML
  Parameters: {"utf8"=>"✓", "authenticity_token"=>"dkO4FyUtmtqFAFyK+rrsAcvF06Ra7p+JwL+DVRV+rZ0=", "status"=>{"name"=>"Vova", "content"=>"I'm on Treebook"}, "commit"=>"Create Status"}
  [1m[35m (0.0ms)[0m  begin transaction
  [1m[36mSQL (12.0ms)[0m  [1mINSERT INTO "statuses" ("content", "created_at", "name", "updated_at") VALUES (?, ?, ?, ?)[0m  [["content", "I'm on Treebook"], ["created_at", Mon, 09 Sep 2013 09:28:53 UTC +00:00], ["name", "Vova"], ["updated_at", Mon, 09 Sep 2013 09:28:53 UTC +00:00]]
  [1m[35m (168.0ms)[0m  commit transaction
Redirected to http://127.0.0.1:3000/statuses/1
Completed 302 Found in 187ms (ActiveRecord: 180.0ms)


Started GET "/statuses/1" for 127.0.0.1 at 2013-09-09 12:28:53 +0300
Processing by StatusesController#show as HTML
  Parameters: {"id"=>"1"}
  [1m[36mStatus Load (1.0ms)[0m  [1mSELECT "statuses".* FROM "statuses" WHERE "statuses"."id" = ? LIMIT 1[0m  [["id", "1"]]
  Rendered statuses/show.html.erb within layouts/application (2.0ms)
Completed 200 OK in 15ms (Views: 13.0ms | ActiveRecord: 1.0ms)


Started GET "/statuses" for 127.0.0.1 at 2013-09-09 12:28:57 +0300
Processing by StatusesController#index as HTML
  [1m[35mStatus Load (1.0ms)[0m  SELECT "statuses".* FROM "statuses" 
  Rendered statuses/index.html.erb within layouts/application (2.0ms)
Completed 200 OK in 15ms (Views: 14.0ms | ActiveRecord: 1.0ms)
Connecting to database specified by database.yml


Started GET "/statuses" for 127.0.0.1 at 2013-09-09 13:32:57 +0300
Processing by StatusesController#index as HTML
  [1m[36mStatus Load (0.0ms)[0m  [1mSELECT "statuses".* FROM "statuses" [0m
  Rendered statuses/index.html.erb within layouts/application (6.0ms)
Completed 200 OK in 159ms (Views: 104.0ms | ActiveRecord: 3.0ms)


Started GET "/assets/jquery_ujs.js?body=1" for 127.0.0.1 at 2013-09-09 13:32:57 +0300
Served asset /jquery_ujs.js - 304 Not Modified (5ms)


Started GET "/assets/scaffolds.css?body=1" for 127.0.0.1 at 2013-09-09 13:32:57 +0300
Served asset /scaffolds.css - 304 Not Modified (1ms)


Started GET "/assets/jquery.js?body=1" for 127.0.0.1 at 2013-09-09 13:32:57 +0300
Served asset /jquery.js - 304 Not Modified (19ms)


Started GET "/assets/statuses.css?body=1" for 127.0.0.1 at 2013-09-09 13:32:57 +0300
Served asset /statuses.css - 304 Not Modified (2ms)


Started GET "/assets/application.css?body=1" for 127.0.0.1 at 2013-09-09 13:32:57 +0300
Served asset /application.css - 304 Not Modified (3ms)


Started GET "/assets/statuses.js?body=1" for 127.0.0.1 at 2013-09-09 13:32:57 +0300
Served asset /statuses.js - 304 Not Modified (3ms)


Started GET "/assets/application.js?body=1" for 127.0.0.1 at 2013-09-09 13:32:57 +0300
Served asset /application.js - 304 Not Modified (6ms)
